
> nextn@0.1.0 dev
> next dev --turbopack -p 9002

   ▲ Next.js 15.5.9 (Turbopack)
   - Local:        http://localhost:9002
   - Network:      http://192.168.0.2:9002

 ✓ Starting...
Attention: Next.js now collects completely anonymous telemetry regarding usage.
This information is used to shape Next.js' roadmap and prioritize features.
You can learn more, including how to opt-out if you'd not like to participate in this anonymous program, by visiting the following URL:
https://nextjs.org/telemetry

 ✓ Ready in 2.2s
 ○ Compiling / ...
 ✓ Compiled / in 13.6s
 GET / 200 in 16199ms
 GET / 200 in 373ms
 ✓ Compiled in 1356ms
 ✓ Compiled in 224ms
 ✓ Compiled / in 158ms
 ⨯ [Error: ENOENT: no such file or directory, open '/app/.next/server/app/page/app-build-manifest.json'] {
  errno: -2,
  code: 'ENOENT',
  syscall: 'open',
  path: '/app/.next/server/app/page/app-build-manifest.json'
}
 ○ Compiling /_error ...
 ✓ Compiled /_error in 9.1s
 ⨯ [Error: ENOENT: no such file or directory, open '/app/.next/static/development/_buildManifest.js.tmp.827ddi2yxjr'] {
  errno: -2,
  code: 'ENOENT',
  syscall: 'open',
  path: '/app/.next/static/development/_buildManifest.js.tmp.827ddi2yxjr'
}
[Error: ENOENT: no such file or directory, open '/app/.next/server/app/page/app-build-manifest.json'] {
  errno: -2,
  code: 'ENOENT',
  syscall: 'open',
  path: '/app/.next/server/app/page/app-build-manifest.json'
}
 ⨯ [Error: ENOENT: no such file or directory, open '/app/.next/static/development/_buildManifest.js.tmp.1du3j8sptql'] {
  errno: -2,
  code: 'ENOENT',
  syscall: 'open',
  path: '/app/.next/static/development/_buildManifest.js.tmp.1du3j8sptql'
}
[Error: ENOENT: no such file or directory, open '/app/.next/static/development/_buildManifest.js.tmp.m7zqn42x8nf'] {
  errno: -2,
  code: 'ENOENT',
  syscall: 'open',
  path: '/app/.next/static/development/_buildManifest.js.tmp.m7zqn42x8nf'
}
 ⨯ [Error: ENOENT: no such file or directory, open '/app/.next/server/app/page/app-build-manifest.json'] {
  errno: -2,
  code: 'ENOENT',
  syscall: 'open',
  path: '/app/.next/server/app/page/app-build-manifest.json'
}
 ⨯ [Error: ENOENT: no such file or directory, open '/app/.next/static/development/_buildManifest.js.tmp.6er08on4hz'] {
  errno: -2,
  code: 'ENOENT',
  syscall: 'open',
  path: '/app/.next/static/development/_buildManifest.js.tmp.6er08on4hz'
}
[Error: ENOENT: no such file or directory, open '/app/.next/server/app/page/app-build-manifest.json'] {
  errno: -2,
  code: 'ENOENT',
  syscall: 'open',
  path: '/app/.next/server/app/page/app-build-manifest.json'
}
 ⨯ [Error: ENOENT: no such file or directory, open '/app/.next/static/development/_buildManifest.js.tmp.d7er6p8339i'] {
  errno: -2,
  code: 'ENOENT',
  syscall: 'open',
  path: '/app/.next/static/development/_buildManifest.js.tmp.d7er6p8339i'
}
[Error: ENOENT: no such file or directory, open '/app/.next/static/development/_buildManifest.js.tmp.mqq383p3dy'] {
  errno: -2,
  code: 'ENOENT',
  syscall: 'open',
  path: '/app/.next/static/development/_buildManifest.js.tmp.mqq383p3dy'
}
 ⨯ [Error: ENOENT: no such file or directory, open '/app/.next/server/app/page/app-build-manifest.json'] {
  errno: -2,
  code: 'ENOENT',
  syscall: 'open',
  path: '/app/.next/server/app/page/app-build-manifest.json'
}
 ⨯ [Error: ENOENT: no such file or directory, open '/app/.next/static/development/_buildManifest.js.tmp.9usmw3b1mb9'] {
  errno: -2,
  code: 'ENOENT',
  syscall: 'open',
  path: '/app/.next/static/development/_buildManifest.js.tmp.9usmw3b1mb9'
}
[Error: ENOENT: no such file or directory, open '/app/.next/server/app/page/app-build-manifest.json'] {
  errno: -2,
  code: 'ENOENT',
  syscall: 'open',
  path: '/app/.next/server/app/page/app-build-manifest.json'
}
 ⨯ [Error: ENOENT: no such file or directory, open '/app/.next/static/development/_buildManifest.js.tmp.7huewqpnpdk'] {
  errno: -2,
  code: 'ENOENT',
  syscall: 'open',
  path: '/app/.next/static/development/_buildManifest.js.tmp.7huewqpnpdk'
}
[Error: ENOENT: no such file or directory, open '/app/.next/static/development/_buildManifest.js.tmp.w6k126gsy2b'] {
  errno: -2,
  code: 'ENOENT',
  syscall: 'open',
  path: '/app/.next/static/development/_buildManifest.js.tmp.w6k126gsy2b'
}
[?25h
